<?xml version="1.0" encoding="UTF-8"?>
<testsuites name="R117 Sample Automation Test Run" time="103.051" tests="1" failures="0" errors="0">
   <testsuite name="R117 Sample Automation Test Run" tests="1" failures="0" errors="0" time="103.051" skipped="0" timestamp="2022-06-13 21:08:18" hostname="Eunice Carla - LAPTOP-3IOT34SM.local" id="Test Suites/R117 Sample Automation Test Run">
      <properties>
         <property name="deviceName" value=""/>
         <property name="devicePlatform" value=""/>
         <property name="logFolder" value="C:\\Users\\Eunice Carla\\git\\HTQA\\Reports\\20220613_210809\\R117 Sample Automation Test Run\\20220613_210809"/>
         <property name="logFiles" value="C:\\Users\\Eunice Carla\\git\\HTQA\\Reports\\20220613_210809\\R117 Sample Automation Test Run\\20220613_210809\\execution0.log"/>
         <property name="attachments" value=""/>
         <property name="hostName" value="Eunice Carla - LAPTOP-3IOT34SM.local"/>
         <property name="os" value="Windows 10 64bit"/>
         <property name="katalonVersion" value="8.3.5.208"/>
         <property name="browser" value="Chrome 102.0.5005.63"/>
         <property name="hostAddress" value="192.168.254.104"/>
         <property name="sessionId" value="7707ca719d0a25b679edf7de2a44b7d8"/>
         <property name="seleniumVersion" value="3.141.59"/>
         <property name="proxyInformation" value="ProxyInformation { proxyOption=NO_PROXY, proxyServerType=HTTP, username=, password=********, proxyServerAddress=, proxyServerPort=0, executionList=&quot;&quot;, isApplyToDesiredCapabilities=true }"/>
         <property name="platform" value="Windows 10"/>
      </properties>
      <testcase name="Test Cases/Login" time="102.713" classname="Test Cases/Login" status="PASSED">
         <system-out><![CDATA[2022-06-13 21:08:19 - [TEST_CASE][PASSED] - Test Cases/Login: Test Cases/Login

2022-06-13 21:08:19 - [TEST_STEP][PASSED] - openBrowser(""): Browser is opened with url: ''

2022-06-13 21:08:20 - [MESSAGE][INFO] - Starting 'Chrome' driver

2022-06-13 21:08:20 - [MESSAGE][INFO] - Action delay is set to 0 milliseconds

2022-06-13 21:08:22 - [MESSAGE][PASSED] - Browser is opened with url: ''

2022-06-13 21:08:22 - [TEST_STEP][PASSED] - navigateToUrl("https://auth.koala.hometime.io/login"): Navigate to 'https://auth.koala.hometime.io/login' successfully

2022-06-13 21:08:23 - [MESSAGE][PASSED] - Navigate to 'https://auth.koala.hometime.io/login' successfully

2022-06-13 21:08:23 - [TEST_STEP][PASSED] - setText(findTestObject("Object Repository/Page_Login  Hometime/input_Email address_email"), "eunice.barena+mcabi@hometime.io"): Text 'eunice.barena+mcabi@hometime.io' is set on object 'Object Repository/Page_Login  Hometime/input_Email address_email'

2022-06-13 21:08:55 - [MESSAGE][INFO] - Unable to find the element located by 'By.xpath: //input[@id='field-8']'. Please recheck the objects properties to make sure the desired element is located. 

2022-06-13 21:08:55 - [MESSAGE][WARNING] - [SELF-HEALING] Failed to find element with id 'Object Repository/Page_Login  Hometime/input_Email address_email'. Try using Self-healing.

2022-06-13 21:08:55 - [MESSAGE][WARNING] - [SELF-HEALING] The current locator of test object 'Object Repository/Page_Login  Hometime/input_Email address_email' was broken. Propose an alternative one: '//div[@id='ht-root']/div[2]/form/div/div/div/div/div/input'.

2022-06-13 21:09:26 - [MESSAGE][INFO] - Unable to find the element located by 'By.xpath: //input[@id='field-8']'. Please recheck the objects properties to make sure the desired element is located. 

2022-06-13 21:09:26 - [MESSAGE][WARNING] - [SELF-HEALING] Failed to find element with id 'Object Repository/Page_Login  Hometime/input_Email address_email'. Try using Self-healing.

2022-06-13 21:09:26 - [MESSAGE][WARNING] - [SELF-HEALING] The current locator of test object 'Object Repository/Page_Login  Hometime/input_Email address_email' was broken. Propose an alternative one: '//div[@id='ht-root']/div[2]/form/div/div/div/div/div/input'.

2022-06-13 21:09:27 - [MESSAGE][PASSED] - Text 'eunice.barena+mcabi@hometime.io' is set on object 'Object Repository/Page_Login  Hometime/input_Email address_email'

2022-06-13 21:09:27 - [TEST_STEP][PASSED] - setEncryptedText(findTestObject("Object Repository/Page_Login  Hometime/input_Password_password"), "cvW8qx4B2o1WegCEDy41Xg=="): Text ****** has been set on object 'Object Repository/Page_Login  Hometime/input_Password_password'

2022-06-13 21:09:58 - [MESSAGE][INFO] - Unable to find the element located by 'By.xpath: //input[@id='field-9']'. Please recheck the objects properties to make sure the desired element is located. 

2022-06-13 21:09:58 - [MESSAGE][WARNING] - [SELF-HEALING] Failed to find element with id 'Object Repository/Page_Login  Hometime/input_Password_password'. Try using Self-healing.

2022-06-13 21:09:58 - [MESSAGE][WARNING] - [SELF-HEALING] The current locator of test object 'Object Repository/Page_Login  Hometime/input_Password_password' was broken. Propose an alternative one: '//div[@id='ht-root']/div[2]/form/div/div/div/div[2]/div/input'.

2022-06-13 21:09:59 - [MESSAGE][PASSED] - Text ****** has been set on object 'Object Repository/Page_Login  Hometime/input_Password_password'

2022-06-13 21:09:59 - [TEST_STEP][PASSED] - click(findTestObject("Object Repository/Page_Login  Hometime/button_Login")): Object: 'Object Repository/Page_Login  Hometime/button_Login' is clicked on

2022-06-13 21:09:59 - [MESSAGE][PASSED] - Object: 'Object Repository/Page_Login  Hometime/button_Login' is clicked on

2022-06-13 21:09:59 - [TEST_STEP][PASSED] - Start listener action : afterTestCase: null

2022-06-13 21:09:59 - [TEST_STEP][PASSED] - try: null

2022-06-13 21:09:59 - [TEST_STEP][PASSED] - tc_ids = getTestCaseVariables()["testrail_tc_id"].split(","): null

2022-06-13 21:09:59 - [TEST_STEP][PASSED] - catch (NullPointerException ex): null

2022-06-13 21:10:01 - [TEST_STEP][PASSED] - Video: Video recording for test case 'Test Cases/Login' .

2022-06-13 21:10:01 - [MESSAGE][INFO] - Video recording for test case 'Test Cases/Login' .]]></system-out>
         <system-err><![CDATA[]]></system-err>
      </testcase>
      <system-out><![CDATA[2022-06-13 21:08:18 - [TEST_SUITE][PASSED] - R117 Sample Automation Test Run: Test Cases/Login]]></system-out>
      <system-err><![CDATA[]]></system-err>
   </testsuite>
</testsuites>
