<?xml version="1.0" encoding="UTF-8"?>
<testsuites name="Login" time="8.832" tests="1" failures="0" errors="0">
   <testsuite name="Login" tests="1" failures="0" errors="0" time="8.832" skipped="0" timestamp="2022-06-10 22:13:08" hostname="Eunice Carla - LAPTOP-3IOT34SM.local" id="Test Suites/Login">
      <properties>
         <property name="deviceName" value=""/>
         <property name="devicePlatform" value=""/>
         <property name="logFolder" value="C:\\Users\\Eunice Carla\\git\\HTQA2\\Reports\\20220610_221251\\Login\\20220610_221251"/>
         <property name="logFiles" value="C:\\Users\\Eunice Carla\\git\\HTQA2\\Reports\\20220610_221251\\Login\\20220610_221251\\execution0.log"/>
         <property name="attachments" value=""/>
         <property name="hostName" value="Eunice Carla - LAPTOP-3IOT34SM.local"/>
         <property name="os" value="Windows 10 64bit"/>
         <property name="katalonVersion" value="8.3.5.208"/>
         <property name="browser" value="Chrome 102.0.5005.63"/>
         <property name="hostAddress" value="192.168.254.105"/>
         <property name="sessionId" value="1f153714a4d4ccbd98ad920617d8937d"/>
         <property name="seleniumVersion" value="3.141.59"/>
         <property name="proxyInformation" value="ProxyInformation { proxyOption=NO_PROXY, proxyServerType=HTTP, username=, password=********, proxyServerAddress=, proxyServerPort=0, executionList=&quot;&quot;, isApplyToDesiredCapabilities=true }"/>
         <property name="platform" value="Windows 10"/>
      </properties>
      <testcase name="Test Cases/Login" time="8.411" classname="Test Cases/Login" status="PASSED">
         <system-out><![CDATA[2022-06-10 22:13:08 - [TEST_CASE][PASSED] - Test Cases/Login: Test Cases/Login

2022-06-10 22:13:09 - [TEST_STEP][PASSED] - openBrowser(""): Browser is opened with url: ''

2022-06-10 22:13:09 - [MESSAGE][INFO] - Starting 'Chrome' driver

2022-06-10 22:13:09 - [MESSAGE][INFO] - Action delay is set to 0 milliseconds

2022-06-10 22:13:13 - [MESSAGE][PASSED] - Browser is opened with url: ''

2022-06-10 22:13:13 - [TEST_STEP][PASSED] - navigateToUrl("https://auth.koala.hometime.io/login"): Navigate to 'https://auth.koala.hometime.io/login' successfully

2022-06-10 22:13:14 - [MESSAGE][PASSED] - Navigate to 'https://auth.koala.hometime.io/login' successfully

2022-06-10 22:13:14 - [TEST_STEP][PASSED] - setText(findTestObject("Object Repository/Page_Login  Hometime/input_Email address_email"), "eunice.barena+mcabi@hometime.io"): Text 'eunice.barena+mcabi@hometime.io' is set on object 'Object Repository/Page_Login  Hometime/input_Email address_email'

2022-06-10 22:13:16 - [MESSAGE][PASSED] - Text 'eunice.barena+mcabi@hometime.io' is set on object 'Object Repository/Page_Login  Hometime/input_Email address_email'

2022-06-10 22:13:16 - [TEST_STEP][PASSED] - setEncryptedText(findTestObject("Object Repository/Page_Login  Hometime/input_Password_password"), "cvW8qx4B2o1WegCEDy41Xg=="): Text ****** has been set on object 'Object Repository/Page_Login  Hometime/input_Password_password'

2022-06-10 22:13:16 - [MESSAGE][PASSED] - Text ****** has been set on object 'Object Repository/Page_Login  Hometime/input_Password_password'

2022-06-10 22:13:16 - [TEST_STEP][PASSED] - click(findTestObject("Object Repository/Page_Login  Hometime/button_Login")): Object: 'Object Repository/Page_Login  Hometime/button_Login' is clicked on

2022-06-10 22:13:17 - [MESSAGE][PASSED] - Object: 'Object Repository/Page_Login  Hometime/button_Login' is clicked on]]></system-out>
         <system-err><![CDATA[]]></system-err>
      </testcase>
      <system-out><![CDATA[2022-06-10 22:13:08 - [TEST_SUITE][PASSED] - Login: Test Cases/Login]]></system-out>
      <system-err><![CDATA[]]></system-err>
   </testsuite>
</testsuites>
